<?xml version="1.0" encoding="UTF-8"?>
<!-- Generated by org.testng.reporters.JUnitReportReporter -->
<testsuite hostname="DESKTOP-KFJASB6" failures="0" tests="1" name="org.GIT.tests.login.ValidateLoginAPI_Functionality" time="1.364" errors="0" timestamp="2024-03-21T10:09:08 EDT" skipped="0">
  <testcase classname="org.GIT.tests.login.ValidateLoginAPI_Functionality" name="validateLoginWithValidCredentials" time="1.364"/>
  <system-out/>
</testsuite> <!-- org.GIT.tests.login.ValidateLoginAPI_Functionality -->
